Flow report for xsfebpin
Mon Dec 14 08:26:11 2020
Quartus II 64-Bit Version 12.0 Build 178 05/31/2012 SJ Full Version


---------------------
; Table of Contents ;
---------------------
  1. Legal Notice
  2. Flow Summary
  3. Flow Settings
  4. Flow Non-Default Global Settings
  5. Flow Elapsed Time
  6. Flow OS Summary
  7. Flow Log



----------------
; Legal Notice ;
----------------
Copyright (C) 1991-2012 Altera Corporation
Your use of Altera Corporation's design tools, logic functions 
and other software and tools, and its AMPP partner logic 
functions, and any output files from any of the foregoing 
(including device programming or simulation files), and any 
associated documentation or information are expressly subject 
to the terms and conditions of the Altera Program License 
Subscription Agreement, Altera MegaCore Function License 
Agreement, or other applicable license agreement, including, 
without limitation, that your use is for the sole purpose of 
programming logic devices manufactured by Altera and sold by 
Altera or its authorized distributors.  Please refer to the 
applicable agreement for further details.



+--------------------------------------------------------------------------------+
; Flow Summary                                                                   ;
+------------------------------------+-------------------------------------------+
; Flow Status                        ; Successful - Mon Dec 14 08:26:10 2020     ;
; Quartus II 64-Bit Version          ; 12.0 Build 178 05/31/2012 SJ Full Version ;
; Revision Name                      ; xsfebpin                                  ;
; Top-level Entity Name              ; xsfebpin                                  ;
; Family                             ; Cyclone IV E                              ;
; Total logic elements               ; 11 / 6,272 ( < 1 % )                      ;
;     Total combinational functions  ; 11 / 6,272 ( < 1 % )                      ;
;     Dedicated logic registers      ; 8 / 6,272 ( < 1 % )                       ;
; Total registers                    ; 8                                         ;
; Total pins                         ; 3 / 92 ( 3 % )                            ;
; Total virtual pins                 ; 0                                         ;
; Total memory bits                  ; 0 / 276,480 ( 0 % )                       ;
; Embedded Multiplier 9-bit elements ; 0 / 30 ( 0 % )                            ;
; Total PLLs                         ; 0 / 2 ( 0 % )                             ;
; Device                             ; EP4CE6E22C6                               ;
; Timing Models                      ; Final                                     ;
+------------------------------------+-------------------------------------------+


+-----------------------------------------+
; Flow Settings                           ;
+-------------------+---------------------+
; Option            ; Setting             ;
+-------------------+---------------------+
; Start date & time ; 12/14/2020 08:25:54 ;
; Main task         ; Compilation         ;
; Revision Name     ; xsfebpin            ;
+-------------------+---------------------+


+-----------------------------------------------------------------------------------------------------------------+
; Flow Non-Default Global Settings                                                                                ;
+-------------------------------------+--------------------------------+---------------+-------------+------------+
; Assignment Name                     ; Value                          ; Default Value ; Entity Name ; Section Id ;
+-------------------------------------+--------------------------------+---------------+-------------+------------+
; COMPILER_SIGNATURE_ID               ; 44831941973575.160790555314116 ; --            ; --          ; --         ;
; PARTITION_COLOR                     ; 16764057                       ; --            ; --          ; Top        ;
; PARTITION_FITTER_PRESERVATION_LEVEL ; PLACEMENT_AND_ROUTING          ; --            ; --          ; Top        ;
; PARTITION_NETLIST_TYPE              ; SOURCE                         ; --            ; --          ; Top        ;
+-------------------------------------+--------------------------------+---------------+-------------+------------+


+-------------------------------------------------------------------------------------------------------------------------------+
; Flow Elapsed Time                                                                                                             ;
+---------------------------+--------------+-------------------------+---------------------+------------------------------------+
; Module Name               ; Elapsed Time ; Average Processors Used ; Peak Virtual Memory ; Total CPU Time (on all processors) ;
+---------------------------+--------------+-------------------------+---------------------+------------------------------------+
; Analysis & Synthesis      ; 00:00:02     ; 1.0                     ; 4557 MB             ; 00:00:02                           ;
; Fitter                    ; 00:00:11     ; 1.0                     ; 4797 MB             ; 00:00:10                           ;
; Assembler                 ; 00:00:01     ; 1.0                     ; 4518 MB             ; 00:00:01                           ;
; TimeQuest Timing Analyzer ; 00:00:02     ; 1.0                     ; 4600 MB             ; 00:00:02                           ;
; Total                     ; 00:00:16     ; --                      ; --                  ; 00:00:15                           ;
+---------------------------+--------------+-------------------------+---------------------+------------------------------------+


+----------------------------------------------------------------------------------------+
; Flow OS Summary                                                                        ;
+---------------------------+------------------+-----------+------------+----------------+
; Module Name               ; Machine Hostname ; OS Name   ; OS Version ; Processor type ;
+---------------------------+------------------+-----------+------------+----------------+
; Analysis & Synthesis      ; LFRKSNBBC17EI4W  ; Windows 7 ; 6.2        ; x86_64         ;
; Fitter                    ; LFRKSNBBC17EI4W  ; Windows 7 ; 6.2        ; x86_64         ;
; Assembler                 ; LFRKSNBBC17EI4W  ; Windows 7 ; 6.2        ; x86_64         ;
; TimeQuest Timing Analyzer ; LFRKSNBBC17EI4W  ; Windows 7 ; 6.2        ; x86_64         ;
+---------------------------+------------------+-----------+------------+----------------+


------------
; Flow Log ;
------------
quartus_map --read_settings_files=on --write_settings_files=off xsfebpin -c xsfebpin
quartus_fit --read_settings_files=off --write_settings_files=off xsfebpin -c xsfebpin
quartus_asm --read_settings_files=off --write_settings_files=off xsfebpin -c xsfebpin
quartus_sta xsfebpin -c xsfebpin



