Flow report for nbled
Wed Dec 16 16:48:05 2020
Quartus II 64-Bit Version 12.0 Build 178 05/31/2012 SJ Full Version


---------------------
; Table of Contents ;
---------------------
  1. Legal Notice
  2. Flow Summary
  3. Flow Settings
  4. Flow Non-Default Global Settings
  5. Flow Elapsed Time
  6. Flow OS Summary
  7. Flow Log



----------------
; Legal Notice ;
----------------
Copyright (C) 1991-2012 Altera Corporation
Your use of Altera Corporation's design tools, logic functions 
and other software and tools, and its AMPP partner logic 
functions, and any output files from any of the foregoing 
(including device programming or simulation files), and any 
associated documentation or information are expressly subject 
to the terms and conditions of the Altera Program License 
Subscription Agreement, Altera MegaCore Function License 
Agreement, or other applicable license agreement, including, 
without limitation, that your use is for the sole purpose of 
programming logic devices manufactured by Altera and sold by 
Altera or its authorized distributors.  Please refer to the 
applicable agreement for further details.



+--------------------------------------------------------------------------------+
; Flow Summary                                                                   ;
+------------------------------------+-------------------------------------------+
; Flow Status                        ; In progress - Wed Dec 16 16:48:03 2020    ;
; Quartus II 64-Bit Version          ; 12.0 Build 178 05/31/2012 SJ Full Version ;
; Revision Name                      ; nbled                                     ;
; Top-level Entity Name              ; nbled                                     ;
; Family                             ; Cyclone IV E                              ;
; Device                             ; EP4CE40F23C8                              ;
; Timing Models                      ; Final                                     ;
; Total logic elements               ; 106 / 39,600 ( < 1 % )                    ;
;     Total combinational functions  ; 105 / 39,600 ( < 1 % )                    ;
;     Dedicated logic registers      ; 50 / 39,600 ( < 1 % )                     ;
; Total registers                    ; 50                                        ;
; Total pins                         ; 14 / 329 ( 4 % )                          ;
; Total virtual pins                 ; 0                                         ;
; Total memory bits                  ; 0 / 1,161,216 ( 0 % )                     ;
; Embedded Multiplier 9-bit elements ; 0 / 232 ( 0 % )                           ;
; Total PLLs                         ; 0 / 4 ( 0 % )                             ;
+------------------------------------+-------------------------------------------+


+-----------------------------------------+
; Flow Settings                           ;
+-------------------+---------------------+
; Option            ; Setting             ;
+-------------------+---------------------+
; Start date & time ; 12/16/2020 16:47:50 ;
; Main task         ; Compilation         ;
; Revision Name     ; nbled               ;
+-------------------+---------------------+


+-----------------------------------------------------------------------------------------------------------------+
; Flow Non-Default Global Settings                                                                                ;
+-------------------------------------+--------------------------------+---------------+-------------+------------+
; Assignment Name                     ; Value                          ; Default Value ; Entity Name ; Section Id ;
+-------------------------------------+--------------------------------+---------------+-------------+------------+
; COMPILER_SIGNATURE_ID               ; 44831941973575.160810847013356 ; --            ; --          ; --         ;
; MAX_CORE_JUNCTION_TEMP              ; 85                             ; --            ; --          ; --         ;
; MIN_CORE_JUNCTION_TEMP              ; 0                              ; --            ; --          ; --         ;
; NOMINAL_CORE_SUPPLY_VOLTAGE         ; 1.2V                           ; --            ; --          ; --         ;
; PARTITION_COLOR                     ; 16764057                       ; --            ; --          ; Top        ;
; PARTITION_FITTER_PRESERVATION_LEVEL ; PLACEMENT_AND_ROUTING          ; --            ; --          ; Top        ;
; PARTITION_NETLIST_TYPE              ; SOURCE                         ; --            ; --          ; Top        ;
+-------------------------------------+--------------------------------+---------------+-------------+------------+


+-------------------------------------------------------------------------------------------------------------------------------+
; Flow Elapsed Time                                                                                                             ;
+---------------------------+--------------+-------------------------+---------------------+------------------------------------+
; Module Name               ; Elapsed Time ; Average Processors Used ; Peak Virtual Memory ; Total CPU Time (on all processors) ;
+---------------------------+--------------+-------------------------+---------------------+------------------------------------+
; Analysis & Synthesis      ; 00:00:01     ; 1.0                     ; 4555 MB             ; 00:00:01                           ;
; Fitter                    ; 00:00:09     ; 1.9                     ; 4830 MB             ; 00:00:15                           ;
; TimeQuest Timing Analyzer ; 00:00:02     ; 1.0                     ; 4597 MB             ; 00:00:03                           ;
; Total                     ; 00:00:12     ; --                      ; --                  ; 00:00:19                           ;
+---------------------------+--------------+-------------------------+---------------------+------------------------------------+


+----------------------------------------------------------------------------------------+
; Flow OS Summary                                                                        ;
+---------------------------+------------------+-----------+------------+----------------+
; Module Name               ; Machine Hostname ; OS Name   ; OS Version ; Processor type ;
+---------------------------+------------------+-----------+------------+----------------+
; Analysis & Synthesis      ; LFRKSNBBC17EI4W  ; Windows 7 ; 6.2        ; x86_64         ;
; Fitter                    ; LFRKSNBBC17EI4W  ; Windows 7 ; 6.2        ; x86_64         ;
; TimeQuest Timing Analyzer ; LFRKSNBBC17EI4W  ; Windows 7 ; 6.2        ; x86_64         ;
+---------------------------+------------------+-----------+------------+----------------+


------------
; Flow Log ;
------------
quartus_map --read_settings_files=on --write_settings_files=off nbled -c nbled
quartus_fit --read_settings_files=off --write_settings_files=off nbled -c nbled
quartus_sta nbled -c nbled



