Flow report for stopwatch
Sun Nov 22 14:29:07 2020
Quartus II 64-Bit Version 12.0 Build 178 05/31/2012 SJ Full Version


---------------------
; Table of Contents ;
---------------------
  1. Legal Notice
  2. Flow Summary
  3. Flow Settings
  4. Flow Non-Default Global Settings
  5. Flow Elapsed Time
  6. Flow OS Summary
  7. Flow Log



----------------
; Legal Notice ;
----------------
Copyright (C) 1991-2012 Altera Corporation
Your use of Altera Corporation's design tools, logic functions 
and other software and tools, and its AMPP partner logic 
functions, and any output files from any of the foregoing 
(including device programming or simulation files), and any 
associated documentation or information are expressly subject 
to the terms and conditions of the Altera Program License 
Subscription Agreement, Altera MegaCore Function License 
Agreement, or other applicable license agreement, including, 
without limitation, that your use is for the sole purpose of 
programming logic devices manufactured by Altera and sold by 
Altera or its authorized distributors.  Please refer to the 
applicable agreement for further details.



+--------------------------------------------------------------------------------+
; Flow Summary                                                                   ;
+------------------------------------+-------------------------------------------+
; Flow Status                        ; Successful - Sun Nov 22 14:29:07 2020     ;
; Quartus II 64-Bit Version          ; 12.0 Build 178 05/31/2012 SJ Full Version ;
; Revision Name                      ; stopwatch                                 ;
; Top-level Entity Name              ; stopwatch                                 ;
; Family                             ; Cyclone IV E                              ;
; Device                             ; EP4CE40F23C8                              ;
; Timing Models                      ; Final                                     ;
; Total logic elements               ; 51 / 39,600 ( < 1 % )                     ;
;     Total combinational functions  ; 51 / 39,600 ( < 1 % )                     ;
;     Dedicated logic registers      ; 24 / 39,600 ( < 1 % )                     ;
; Total registers                    ; 24                                        ;
; Total pins                         ; 26 / 329 ( 8 % )                          ;
; Total virtual pins                 ; 0                                         ;
; Total memory bits                  ; 0 / 1,161,216 ( 0 % )                     ;
; Embedded Multiplier 9-bit elements ; 0 / 232 ( 0 % )                           ;
; Total PLLs                         ; 0 / 4 ( 0 % )                             ;
+------------------------------------+-------------------------------------------+


+-----------------------------------------+
; Flow Settings                           ;
+-------------------+---------------------+
; Option            ; Setting             ;
+-------------------+---------------------+
; Start date & time ; 11/22/2020 14:28:49 ;
; Main task         ; Compilation         ;
; Revision Name     ; stopwatch           ;
+-------------------+---------------------+


+-----------------------------------------------------------------------------------------------------------------------------+
; Flow Non-Default Global Settings                                                                                            ;
+--------------------------------------+---------------------------------------+---------------+-------------+----------------+
; Assignment Name                      ; Value                                 ; Default Value ; Entity Name ; Section Id     ;
+--------------------------------------+---------------------------------------+---------------+-------------+----------------+
; COMPILER_SIGNATURE_ID                ; 44831941973575.160602652913596        ; --            ; --          ; --             ;
; EDA_DESIGN_INSTANCE_NAME             ; NA                                    ; --            ; --          ; stopwatch_test ;
; EDA_NATIVELINK_SIMULATION_TEST_BENCH ; stopwatch_test                        ; --            ; --          ; eda_simulation ;
; EDA_NETLIST_WRITER_OUTPUT_DIR        ; F:/verilog_code/stopwatch             ; --            ; --          ; eda_simulation ;
; EDA_OUTPUT_DATA_FORMAT               ; Verilog Hdl                           ; --            ; --          ; eda_simulation ;
; EDA_SIMULATION_TOOL                  ; ModelSim (Verilog)                    ; <None>        ; --          ; --             ;
; EDA_TEST_BENCH_ENABLE_STATUS         ; TEST_BENCH_MODE                       ; --            ; --          ; eda_simulation ;
; EDA_TEST_BENCH_FILE                  ; stopwatch_test.v                      ; --            ; --          ; stopwatch_test ;
; EDA_TEST_BENCH_MODULE_NAME           ; stopwatch_test                        ; --            ; --          ; stopwatch_test ;
; EDA_TEST_BENCH_NAME                  ; stopwatch_test                        ; --            ; --          ; eda_simulation ;
; EDA_TIME_SCALE                       ; 1 us                                  ; --            ; --          ; eda_simulation ;
; MAX_CORE_JUNCTION_TEMP               ; 85                                    ; --            ; --          ; --             ;
; MIN_CORE_JUNCTION_TEMP               ; 0                                     ; --            ; --          ; --             ;
; NOMINAL_CORE_SUPPLY_VOLTAGE          ; 1.2V                                  ; --            ; --          ; --             ;
; PARTITION_COLOR                      ; 16764057                              ; --            ; --          ; Top            ;
; PARTITION_FITTER_PRESERVATION_LEVEL  ; PLACEMENT_AND_ROUTING                 ; --            ; --          ; Top            ;
; PARTITION_NETLIST_TYPE               ; SOURCE                                ; --            ; --          ; Top            ;
; POWER_BOARD_THERMAL_MODEL            ; None (CONSERVATIVE)                   ; --            ; --          ; --             ;
; POWER_PRESET_COOLING_SOLUTION        ; 23 MM HEAT SINK WITH 200 LFPM AIRFLOW ; --            ; --          ; --             ;
+--------------------------------------+---------------------------------------+---------------+-------------+----------------+


+-------------------------------------------------------------------------------------------------------------------------------+
; Flow Elapsed Time                                                                                                             ;
+---------------------------+--------------+-------------------------+---------------------+------------------------------------+
; Module Name               ; Elapsed Time ; Average Processors Used ; Peak Virtual Memory ; Total CPU Time (on all processors) ;
+---------------------------+--------------+-------------------------+---------------------+------------------------------------+
; Analysis & Synthesis      ; 00:00:01     ; 1.0                     ; 4555 MB             ; 00:00:01                           ;
; Fitter                    ; 00:00:09     ; 2.1                     ; 4819 MB             ; 00:00:12                           ;
; Assembler                 ; 00:00:03     ; 1.0                     ; 4526 MB             ; 00:00:03                           ;
; TimeQuest Timing Analyzer ; 00:00:05     ; 1.0                     ; 4611 MB             ; 00:00:03                           ;
; EDA Netlist Writer        ; 00:00:01     ; 1.0                     ; 4486 MB             ; 00:00:01                           ;
; Total                     ; 00:00:19     ; --                      ; --                  ; 00:00:20                           ;
+---------------------------+--------------+-------------------------+---------------------+------------------------------------+


+----------------------------------------------------------------------------------------+
; Flow OS Summary                                                                        ;
+---------------------------+------------------+-----------+------------+----------------+
; Module Name               ; Machine Hostname ; OS Name   ; OS Version ; Processor type ;
+---------------------------+------------------+-----------+------------+----------------+
; Analysis & Synthesis      ; LFRKSNBBC17EI4W  ; Windows 7 ; 6.2        ; x86_64         ;
; Fitter                    ; LFRKSNBBC17EI4W  ; Windows 7 ; 6.2        ; x86_64         ;
; Assembler                 ; LFRKSNBBC17EI4W  ; Windows 7 ; 6.2        ; x86_64         ;
; TimeQuest Timing Analyzer ; LFRKSNBBC17EI4W  ; Windows 7 ; 6.2        ; x86_64         ;
; EDA Netlist Writer        ; LFRKSNBBC17EI4W  ; Windows 7 ; 6.2        ; x86_64         ;
+---------------------------+------------------+-----------+------------+----------------+


------------
; Flow Log ;
------------
quartus_map --read_settings_files=on --write_settings_files=off stopwatch -c stopwatch
quartus_fit --read_settings_files=off --write_settings_files=off stopwatch -c stopwatch
quartus_asm --read_settings_files=off --write_settings_files=off stopwatch -c stopwatch
quartus_sta stopwatch -c stopwatch
quartus_eda --read_settings_files=off --write_settings_files=off stopwatch -c stopwatch



